INFO:urllib3.connectionpool:Starting new HTTPS connection (1): www.jbhifi.com.au
DEBUG:urllib3.connectionpool:"HEAD /whitegoods-appliances/kitchen-appliances/sunbeam/sunbeam-multimincer-meat-mincer/36750/ HTTP/1.1" 200 0
INFO:urllib3.connectionpool:Starting new HTTPS connection (1): www.jbhifi.com.au
DEBUG:urllib3.connectionpool:"GET /whitegoods-appliances/kitchen-appliances/sunbeam/sunbeam-multimincer-meat-mincer/36750/ HTTP/1.1" 200 27074
INFO:urllib3.connectionpool:Starting new HTTPS connection (1): www.jbhifi.com.au
DEBUG:urllib3.connectionpool:"HEAD /whitegoods-appliances/microwaves/panasonic/panasonic-nnst671sqpq-32l-1100w-inverter-sensor-microwave-oven-s-steel/69813/ HTTP/1.1" 200 0
INFO:urllib3.connectionpool:Starting new HTTPS connection (1): www.jbhifi.com.au
DEBUG:urllib3.connectionpool:"GET /whitegoods-appliances/microwaves/panasonic/panasonic-nnst671sqpq-32l-1100w-inverter-sensor-microwave-oven-s-steel/69813/ HTTP/1.1" 200 28806
INFO:urllib3.connectionpool:Starting new HTTPS connection (1): www.jbhifi.com.au
DEBUG:urllib3.connectionpool:"HEAD /whitegoods-appliances/vacuums-floor-cleaners/menalux/menalux-1940-vacuum-bags/39050/ HTTP/1.1" 200 0
INFO:urllib3.connectionpool:Starting new HTTPS connection (1): www.jbhifi.com.au
DEBUG:urllib3.connectionpool:"GET /whitegoods-appliances/vacuums-floor-cleaners/menalux/menalux-1940-vacuum-bags/39050/ HTTP/1.1" 200 26933
INFO:urllib3.connectionpool:Starting new HTTPS connection (1): www.jbhifi.com.au
DEBUG:urllib3.connectionpool:"HEAD /whitegoods-appliances/fridges-freezers/beko/beko-hsa32520-315l-chest-freezer/76268/ HTTP/1.1" 200 0
INFO:urllib3.connectionpool:Starting new HTTPS connection (1): www.jbhifi.com.au
DEBUG:urllib3.connectionpool:"GET /whitegoods-appliances/fridges-freezers/beko/beko-hsa32520-315l-chest-freezer/76268/ HTTP/1.1" 200 26891
INFO:urllib3.connectionpool:Starting new HTTPS connection (1): www.jbhifi.com.au
DEBUG:urllib3.connectionpool:"HEAD /whitegoods-appliances/cooking/chef/chef-rehr6s-600mm-slideout-rangehood/40963/ HTTP/1.1" 200 0
INFO:urllib3.connectionpool:Starting new HTTPS connection (1): www.jbhifi.com.au
DEBUG:urllib3.connectionpool:"GET /whitegoods-appliances/cooking/chef/chef-rehr6s-600mm-slideout-rangehood/40963/ HTTP/1.1" 200 27743
INFO:urllib3.connectionpool:Starting new HTTPS connection (1): www.jbhifi.com.au
DEBUG:urllib3.connectionpool:"HEAD /whitegoods-appliances/other/sunbeam/sunbeam-vs0420-20cm-double-foodsaver-bag-roll/45403/ HTTP/1.1" 200 0
INFO:urllib3.connectionpool:Starting new HTTPS connection (1): www.jbhifi.com.au
DEBUG:urllib3.connectionpool:"GET /whitegoods-appliances/other/sunbeam/sunbeam-vs0420-20cm-double-foodsaver-bag-roll/45403/ HTTP/1.1" 200 26825
INFO:urllib3.connectionpool:Starting new HTTPS connection (1): www.jbhifi.com.au
DEBUG:urllib3.connectionpool:"HEAD /whitegoods-appliances/cooking/westinghouse/westinghouse-wrj600us-600mm-fixed-rangehood-s-steel/45942/ HTTP/1.1" 200 0
INFO:urllib3.connectionpool:Starting new HTTPS connection (1): www.jbhifi.com.au
DEBUG:urllib3.connectionpool:"GET /whitegoods-appliances/cooking/westinghouse/westinghouse-wrj600us-600mm-fixed-rangehood-s-steel/45942/ HTTP/1.1" 200 28395
INFO:urllib3.connectionpool:Starting new HTTPS connection (1): www.jbhifi.com.au
DEBUG:urllib3.connectionpool:"HEAD /whitegoods-appliances/kitchen-appliances/kambrook/kambrook-essentials-electric-wok/38305/ HTTP/1.1" 200 0
INFO:urllib3.connectionpool:Starting new HTTPS connection (1): www.jbhifi.com.au
DEBUG:urllib3.connectionpool:"GET /whitegoods-appliances/kitchen-appliances/kambrook/kambrook-essentials-electric-wok/38305/ HTTP/1.1" 200 27605
INFO:urllib3.connectionpool:Starting new HTTPS connection (1): www.jbhifi.com.au
DEBUG:urllib3.connectionpool:"HEAD /whitegoods-appliances/kitchen-appliances/breville/breville-the-kitchen-wizz-pro-food-processor/67162/ HTTP/1.1" 200 0
INFO:urllib3.connectionpool:Starting new HTTPS connection (1): www.jbhifi.com.au
DEBUG:urllib3.connectionpool:"GET /whitegoods-appliances/kitchen-appliances/breville/breville-the-kitchen-wizz-pro-food-processor/67162/ HTTP/1.1" 200 29203
INFO:urllib3.connectionpool:Starting new HTTPS connection (1): www.jbhifi.com.au
DEBUG:urllib3.connectionpool:"HEAD /whitegoods-appliances/laundry/sunbeam/sunbeam-sr6250-verve-62-platinum-iron/70433/ HTTP/1.1" 200 0
INFO:urllib3.connectionpool:Starting new HTTPS connection (1): www.jbhifi.com.au
DEBUG:urllib3.connectionpool:"GET /whitegoods-appliances/laundry/sunbeam/sunbeam-sr6250-verve-62-platinum-iron/70433/ HTTP/1.1" 200 27323
INFO:urllib3.connectionpool:Starting new HTTPS connection (1): www.jbhifi.com.au
DEBUG:urllib3.connectionpool:"HEAD /whitegoods-appliances/cooking/beko/beko-hic64502t-600mm-4-zone-ceramic-touch-cooktop/77665/ HTTP/1.1" 200 0
INFO:urllib3.connectionpool:Starting new HTTPS connection (1): www.jbhifi.com.au
DEBUG:urllib3.connectionpool:"GET /whitegoods-appliances/cooking/beko/beko-hic64502t-600mm-4-zone-ceramic-touch-cooktop/77665/ HTTP/1.1" 200 27735
INFO:urllib3.connectionpool:Starting new HTTPS connection (1): www.jbhifi.com.au
DEBUG:urllib3.connectionpool:"HEAD /whitegoods-appliances/fridges-freezers/vintec/vintec-alv30sge-30-bottle-wine-cabinet/66743/ HTTP/1.1" 200 0
INFO:urllib3.connectionpool:Starting new HTTPS connection (1): www.jbhifi.com.au
DEBUG:urllib3.connectionpool:"GET /whitegoods-appliances/fridges-freezers/vintec/vintec-alv30sge-30-bottle-wine-cabinet/66743/ HTTP/1.1" 200 27644
INFO:urllib3.connectionpool:Starting new HTTPS connection (1): www.jbhifi.com.au
DEBUG:urllib3.connectionpool:"HEAD /whitegoods-appliances/kitchen-appliances/tiffany/tiffany-turbo-convection-oven/95139/ HTTP/1.1" 200 0
INFO:urllib3.connectionpool:Starting new HTTPS connection (1): www.jbhifi.com.au
ERROR:root:ERROR
Traceback (most recent call last):
  File "/usr/lib/python3/dist-packages/urllib3/connectionpool.py", line 516, in urlopen
    body=body, headers=headers)
  File "/usr/lib/python3/dist-packages/urllib3/connectionpool.py", line 304, in _make_request
    self._validate_conn(conn)
  File "/usr/lib/python3/dist-packages/urllib3/connectionpool.py", line 724, in _validate_conn
    conn.connect()
  File "/usr/lib/python3/dist-packages/urllib3/connection.py", line 237, in connect
    ssl_version=resolved_ssl_version)
  File "/usr/lib/python3/dist-packages/urllib3/util/ssl_.py", line 123, in ssl_wrap_socket
    return context.wrap_socket(sock, server_hostname=server_hostname)
  File "/usr/lib/python3.4/ssl.py", line 364, in wrap_socket
    _context=self)
  File "/usr/lib/python3.4/ssl.py", line 577, in __init__
    self.do_handshake()
  File "/usr/lib/python3.4/ssl.py", line 804, in do_handshake
    self._sslobj.do_handshake()
ssl.SSLError: [SSL: CERTIFICATE_VERIFY_FAILED] certificate verify failed (_ssl.c:600)

During handling of the above exception, another exception occurred:

Traceback (most recent call last):
  File "/usr/lib/python3/dist-packages/requests/adapters.py", line 362, in send
    timeout=timeout
  File "/usr/lib/python3/dist-packages/urllib3/connectionpool.py", line 543, in urlopen
    raise SSLError(e)
urllib3.exceptions.SSLError: [SSL: CERTIFICATE_VERIFY_FAILED] certificate verify failed (_ssl.c:600)

During handling of the above exception, another exception occurred:

Traceback (most recent call last):
  File "/home/tupperware/JBHIFIWebCrawler/Programs/JBHIFIPriceAnalyser.py", line 212, in <module>
    database_analyser()
  File "/home/tupperware/JBHIFIWebCrawler/Programs/JBHIFIPriceAnalyser.py", line 119, in database_analyser
    productSourceCode = requests.get(url)
  File "/usr/lib/python3/dist-packages/requests/api.py", line 60, in get
    return request('get', url, **kwargs)
  File "/usr/lib/python3/dist-packages/requests/api.py", line 49, in request
    return session.request(method=method, url=url, **kwargs)
  File "/usr/lib/python3/dist-packages/requests/sessions.py", line 457, in request
    resp = self.send(prep, **send_kwargs)
  File "/usr/lib/python3/dist-packages/requests/sessions.py", line 569, in send
    r = adapter.send(request, **kwargs)
  File "/usr/lib/python3/dist-packages/requests/adapters.py", line 420, in send
    raise SSLError(e, request=request)
requests.exceptions.SSLError: [SSL: CERTIFICATE_VERIFY_FAILED] certificate verify failed (_ssl.c:600)
